# JRE version: Java(TM) SE Runtime Environment (21.0.2+13) (build 21.0.2+13-LTS-58)
# Java VM: Java HotSpot(TM) 64-Bit Server VM (21.0.2+13-LTS-58, mixed mode, sharing, tiered, compressed oops, compressed class ptrs, g1 gc, windows-amd64)
GC Precious Log:
 CardTable entry size: 512
 Card Set container configuration: InlinePtr #cards 5 size 8 Array Of Cards #cards 12 size 40 Howl #buckets 4 coarsen threshold 1843 Howl Bitmap #cards 512 size 80 coarsen threshold 460 Card regions per heap region 1 cards per card region 2048
 CPUs: 12 total, 12 available
 Memory: 7896M
 Large Page Support: Disabled
 NUMA Support: Disabled
 Compressed Oops: Enabled (32-bit)
 Heap Region Size: 1M
 Heap Min Capacity: 8M
 Heap Initial Capacity: 8M
 Heap Max Capacity: 1976M
 Pre-touch: Disabled
 Parallel Workers: 10
 Concurrent Workers: 3
 Concurrent Refinement Workers: 10
 Periodic GC: Disabled
Heap:
 garbage-first heap   total 22528K, used 12886K [0x0000000084800000, 0x0000000100000000)
  region size 1024K, 9 young (9216K), 2 survivors (2048K)
 Metaspace       used 9243K, committed 9472K, reserved 1114112K
  class space    used 1051K, committed 1152K, reserved 1048576K
GC Heap History (20 events):
Event: 0.201 GC heap before
{Heap before GC invocations=0 (full 0):
 garbage-first heap   total 8192K, used 2048K [0x0000000084800000, 0x0000000100000000)
  region size 1024K, 3 young (3072K), 0 survivors (0K)
 Metaspace       used 2620K, committed 2752K, reserved 1114112K
  class space    used 342K, committed 384K, reserved 1048576K
}
Event: 0.206 GC heap after
{Heap after GC invocations=1 (full 0):
 garbage-first heap   total 8192K, used 1276K [0x0000000084800000, 0x0000000100000000)
  region size 1024K, 1 young (1024K), 1 survivors (1024K)
 Metaspace       used 2620K, committed 2752K, reserved 1114112K
  class space    used 342K, committed 384K, reserved 1048576K
}
Event: 0.365 GC heap before
{Heap before GC invocations=1 (full 0):
 garbage-first heap   total 8192K, used 2300K [0x0000000084800000, 0x0000000100000000)
  region size 1024K, 2 young (2048K), 1 survivors (1024K)
 Metaspace       used 5455K, committed 5632K, reserved 1114112K
  class space    used 658K, committed 704K, reserved 1048576K
}
Event: 0.370 GC heap after
{Heap after GC invocations=2 (full 0):
 garbage-first heap   total 8192K, used 2079K [0x0000000084800000, 0x0000000100000000)
  region size 1024K, 1 young (1024K), 1 survivors (1024K)
 Metaspace       used 5455K, committed 5632K, reserved 1114112K
  class space    used 658K, committed 704K, reserved 1048576K
}
Event: 0.519 GC heap before
{Heap before GC invocations=2 (full 0):
 garbage-first heap   total 8192K, used 3103K [0x0000000084800000, 0x0000000100000000)
  region size 1024K, 2 young (2048K), 1 survivors (1024K)
 Metaspace       used 7076K, committed 7232K, reserved 1114112K
  class space    used 831K, committed 896K, reserved 1048576K
}
Event: 0.524 GC heap after
{Heap after GC invocations=3 (full 0):
 garbage-first heap   total 8192K, used 2417K [0x0000000084800000, 0x0000000100000000)
  region size 1024K, 1 young (1024K), 1 survivors (1024K)
 Metaspace       used 7076K, committed 7232K, reserved 1114112K
  class space    used 831K, committed 896K, reserved 1048576K
}
Event: 0.732 GC heap before
{Heap before GC invocations=3 (full 0):
 garbage-first heap   total 8192K, used 3441K [0x0000000084800000, 0x0000000100000000)
  region size 1024K, 2 young (2048K), 1 survivors (1024K)
 Metaspace       used 7836K, committed 8064K, reserved 1114112K
  class space    used 889K, committed 1024K, reserved 1048576K
}
Event: 0.740 GC heap after
{Heap after GC invocations=4 (full 0):
 garbage-first heap   total 8192K, used 2711K [0x0000000084800000, 0x0000000100000000)
  region size 1024K, 1 young (1024K), 1 survivors (1024K)
 Metaspace       used 7836K, committed 8064K, reserved 1114112K
  class space    used 889K, committed 1024K, reserved 1048576K
}
Event: 0.896 GC heap before
{Heap before GC invocations=4 (full 0):
 garbage-first heap   total 8192K, used 4759K [0x0000000084800000, 0x0000000100000000)
  region size 1024K, 3 young (3072K), 1 survivors (1024K)
 Metaspace       used 8231K, committed 8384K, reserved 1114112K
  class space    used 940K, committed 1024K, reserved 1048576K
}
Event: 0.901 GC heap after
{Heap after GC invocations=5 (full 0):
 garbage-first heap   total 11264K, used 3390K [0x0000000084800000, 0x0000000100000000)
  region size 1024K, 1 young (1024K), 1 survivors (1024K)
 Metaspace       used 8231K, committed 8384K, reserved 1114112K
  class space    used 940K, committed 1024K, reserved 1048576K
}
Event: 0.966 GC heap before
{Heap before GC invocations=5 (full 0):
 garbage-first heap   total 11264K, used 6462K [0x0000000084800000, 0x0000000100000000)
  region size 1024K, 4 young (4096K), 1 survivors (1024K)
 Metaspace       used 8345K, committed 8512K, reserved 1114112K
  class space    used 940K, committed 1024K, reserved 1048576K
}
Event: 0.970 GC heap after
{Heap after GC invocations=6 (full 0):
 garbage-first heap   total 11264K, used 3760K [0x0000000084800000, 0x0000000100000000)
  region size 1024K, 1 young (1024K), 1 survivors (1024K)
 Metaspace       used 8345K, committed 8512K, reserved 1114112K
  class space    used 940K, committed 1024K, reserved 1048576K
}
Event: 0.987 GC heap before
{Heap before GC invocations=6 (full 0):
 garbage-first heap   total 11264K, used 5808K [0x0000000084800000, 0x0000000100000000)
  region size 1024K, 3 young (3072K), 1 survivors (1024K)
 Metaspace       used 8406K, committed 8576K, reserved 1114112K
  class space    used 950K, committed 1024K, reserved 1048576K
}
Event: 0.988 GC heap after
{Heap after GC invocations=7 (full 0):
 garbage-first heap   total 11264K, used 4017K [0x0000000084800000, 0x0000000100000000)
  region size 1024K, 1 young (1024K), 1 survivors (1024K)
 Metaspace       used 8406K, committed 8576K, reserved 1114112K
  class space    used 950K, committed 1024K, reserved 1048576K
}
Event: 1.003 GC heap before
{Heap before GC invocations=7 (full 0):
 garbage-first heap   total 11264K, used 7089K [0x0000000084800000, 0x0000000100000000)
  region size 1024K, 4 young (4096K), 1 survivors (1024K)
 Metaspace       used 8420K, committed 8576K, reserved 1114112K
  class space    used 950K, committed 1024K, reserved 1048576K
}
Event: 1.007 GC heap after
{Heap after GC invocations=8 (full 0):
 garbage-first heap   total 11264K, used 4513K [0x0000000084800000, 0x0000000100000000)
  region size 1024K, 1 young (1024K), 1 survivors (1024K)
 Metaspace       used 8420K, committed 8576K, reserved 1114112K
  class space    used 950K, committed 1024K, reserved 1048576K
}
Event: 1.015 GC heap before
{Heap before GC invocations=8 (full 0):
 garbage-first heap   total 11264K, used 7585K [0x0000000084800000, 0x0000000100000000)
  region size 1024K, 4 young (4096K), 1 survivors (1024K)
 Metaspace       used 8423K, committed 8576K, reserved 1114112K
  class space    used 950K, committed 1024K, reserved 1048576K
}
Event: 1.016 GC heap after
{Heap after GC invocations=9 (full 0):
 garbage-first heap   total 22528K, used 4779K [0x0000000084800000, 0x0000000100000000)
  region size 1024K, 1 young (1024K), 1 survivors (1024K)
 Metaspace       used 8423K, committed 8576K, reserved 1114112K
  class space    used 950K, committed 1024K, reserved 1048576K
}
Event: 1.102 GC heap before
{Heap before GC invocations=9 (full 0):
 garbage-first heap   total 22528K, used 13995K [0x0000000084800000, 0x0000000100000000)
  region size 1024K, 11 young (11264K), 1 survivors (1024K)
 Metaspace       used 8619K, committed 8896K, reserved 1114112K
  class space    used 973K, committed 1088K, reserved 1048576K
}
Event: 1.110 GC heap after
{Heap after GC invocations=10 (full 0):
 garbage-first heap   total 22528K, used 6742K [0x0000000084800000, 0x0000000100000000)
  region size 1024K, 2 young (2048K), 2 survivors (2048K)
 Metaspace       used 8619K, committed 8896K, reserved 1114112K
  class space    used 973K, committed 1088K, reserved 1048576K
}

